<?xml version="1.0" encoding="UTF-8"?>
<!-- Generated by org.testng.reporters.JUnitReportReporter -->
<testsuite skipped="0" hostname="DESKTOP-0490QAV" name="com.cjc.testng.Hardassert" tests="1" failures="0" timestamp="15 Apr 2019 11:49:56 GMT" time="10.738" errors="0">
  <testcase name="login1" time="10.738" classname="com.cjc.testng.Hardassert"/>
</testsuite> <!-- com.cjc.testng.Hardassert -->
