<?xml version="1.0" encoding="UTF-8"?>
<!-- Generated by org.testng.reporters.JUnitReportReporter -->
<testsuite skipped="0" hostname="DESKTOP-0490QAV" name="com.cjc.testng.dataprovider1" tests="3" failures="0" timestamp="09 Apr 2019 09:50:04 GMT" time="87.111" errors="0">
  <testcase name="f" time="33.794" classname="com.cjc.testng.dataprovider1"/>
  <testcase name="f" time="41.180" classname="com.cjc.testng.dataprovider1"/>
  <testcase name="f" time="12.137" classname="com.cjc.testng.dataprovider1"/>
</testsuite> <!-- com.cjc.testng.dataprovider1 -->
