<?xml version="1.0" encoding="UTF-8"?>
<!-- Generated by org.testng.reporters.JUnitReportReporter -->
<testsuite skipped="0" hostname="DESKTOP-0490QAV" name="com.cjc.testng.smokeTestng" tests="2" failures="0" timestamp="11 Apr 2019 11:17:27 GMT" time="413.661" errors="0">
  <testcase name="user3" time="283.398" classname="com.cjc.testng.smokeTestng"/>
  <testcase name="user1" time="130.263" classname="com.cjc.testng.smokeTestng"/>
</testsuite> <!-- com.cjc.testng.smokeTestng -->
