<?xml version="1.0" encoding="UTF-8"?>
<!-- Generated by org.testng.reporters.JUnitReportReporter -->
<testsuite skipped="0" hostname="DESKTOP-0490QAV" name="com.cjc.testng.parameter" tests="1" failures="0" timestamp="11 Apr 2019 07:40:15 GMT" time="41.012" errors="0">
  <testcase name="logindetails1" time="41.012" classname="com.cjc.testng.parameter"/>
</testsuite> <!-- com.cjc.testng.parameter -->
