<?xml version="1.0" encoding="UTF-8"?>
<!-- Generated by org.testng.reporters.JUnitReportReporter -->
<testsuite skipped="0" hostname="DESKTOP-0490QAV" name="com.cjc.testng.TestNG1" tests="3" failures="0" timestamp="09 Apr 2019 09:05:06 GMT" time="21.513" errors="0">
  <testcase name="loginwith3user" time="9.823" classname="com.cjc.testng.TestNG1"/>
  <testcase name="Loginwithvalidds" time="5.571" classname="com.cjc.testng.TestNG1"/>
  <testcase name="loginwith2user" time="6.119" classname="com.cjc.testng.TestNG1"/>
</testsuite> <!-- com.cjc.testng.TestNG1 -->
